<?xml version="1.0" encoding="UTF-8"?>
<!-- Generated by org.testng.reporters.JUnitXMLReporter -->
<testsuite ignored="0" hostname="LAPTOP-35B7MCU5" failures="0" tests="3" name="Default test" time="26.56" errors="0" timestamp="2021-11-27T03:45:52 GMT">
  <testcase classname="com.crm.qa.testcases.LoginPageTest" name="loginPageTitleTest" time="0.051"/>
  <testcase classname="com.crm.qa.testcases.LoginPageTest" name="crmLogoImageTest" time="0.173"/>
  <testcase classname="com.crm.qa.testcases.LoginPageTest" name="loginTest" time="6.681"/>
</testsuite> <!-- Default test -->
