<?xml version="1.0" encoding="UTF-8"?>
<testng-results ignored="0" total="3" passed="3" failed="0" skipped="0">
  <reporter-output>
  </reporter-output>
  <suite started-at="2021-11-27T03:45:25 GMT" name="Default suite" finished-at="2021-11-27T03:45:51 GMT" duration-ms="26560">
    <groups>
    </groups>
    <test started-at="2021-11-27T03:45:25 GMT" name="Default test" finished-at="2021-11-27T03:45:51 GMT" duration-ms="26560">
      <class name="com.crm.qa.testcases.LoginPageTest">
        <test-method is-config="true" signature="setUp()[pri:0, instance:com.crm.qa.testcases.LoginPageTest@3daa422a]" started-at="2021-11-27T03:45:25 GMT" name="setUp" finished-at="2021-11-27T03:45:32 GMT" duration-ms="6667" status="PASS">
          <reporter-output>
          </reporter-output>
        </test-method> <!-- setUp -->
        <test-method signature="loginPageTitleTest()[pri:1, instance:com.crm.qa.testcases.LoginPageTest@3daa422a]" started-at="2021-11-27T03:45:32 GMT" name="loginPageTitleTest" finished-at="2021-11-27T03:45:32 GMT" duration-ms="51" status="PASS">
          <reporter-output>
          </reporter-output>
        </test-method> <!-- loginPageTitleTest -->
        <test-method is-config="true" signature="tearDown()[pri:0, instance:com.crm.qa.testcases.LoginPageTest@3daa422a]" started-at="2021-11-27T03:45:32 GMT" name="tearDown" finished-at="2021-11-27T03:45:32 GMT" duration-ms="375" status="PASS">
          <reporter-output>
          </reporter-output>
        </test-method> <!-- tearDown -->
        <test-method is-config="true" signature="setUp()[pri:0, instance:com.crm.qa.testcases.LoginPageTest@3daa422a]" started-at="2021-11-27T03:45:32 GMT" name="setUp" finished-at="2021-11-27T03:45:38 GMT" duration-ms="5786" status="PASS">
          <reporter-output>
          </reporter-output>
        </test-method> <!-- setUp -->
        <test-method signature="crmLogoImageTest()[pri:2, instance:com.crm.qa.testcases.LoginPageTest@3daa422a]" started-at="2021-11-27T03:45:38 GMT" name="crmLogoImageTest" finished-at="2021-11-27T03:45:38 GMT" duration-ms="173" status="PASS">
          <reporter-output>
          </reporter-output>
        </test-method> <!-- crmLogoImageTest -->
        <test-method is-config="true" signature="tearDown()[pri:0, instance:com.crm.qa.testcases.LoginPageTest@3daa422a]" started-at="2021-11-27T03:45:38 GMT" name="tearDown" finished-at="2021-11-27T03:45:38 GMT" duration-ms="288" status="PASS">
          <reporter-output>
          </reporter-output>
        </test-method> <!-- tearDown -->
        <test-method is-config="true" signature="setUp()[pri:0, instance:com.crm.qa.testcases.LoginPageTest@3daa422a]" started-at="2021-11-27T03:45:38 GMT" name="setUp" finished-at="2021-11-27T03:45:44 GMT" duration-ms="6080" status="PASS">
          <reporter-output>
          </reporter-output>
        </test-method> <!-- setUp -->
        <test-method signature="loginTest()[pri:3, instance:com.crm.qa.testcases.LoginPageTest@3daa422a]" started-at="2021-11-27T03:45:44 GMT" name="loginTest" finished-at="2021-11-27T03:45:51 GMT" duration-ms="6681" status="PASS">
          <reporter-output>
          </reporter-output>
        </test-method> <!-- loginTest -->
        <test-method is-config="true" signature="tearDown()[pri:0, instance:com.crm.qa.testcases.LoginPageTest@3daa422a]" started-at="2021-11-27T03:45:51 GMT" name="tearDown" finished-at="2021-11-27T03:45:51 GMT" duration-ms="409" status="PASS">
          <reporter-output>
          </reporter-output>
        </test-method> <!-- tearDown -->
      </class> <!-- com.crm.qa.testcases.LoginPageTest -->
    </test> <!-- Default test -->
  </suite> <!-- Default suite -->
</testng-results>
